<?xml version="1.0" encoding="UTF-8"?>
<testsuites>
  <testsuite name="fastlane.lanes">
    
    
    
      
      <testcase classname="fastlane.lanes" name="0: default_platform" time="0.000671453">
        
      </testcase>
    
      
      <testcase classname="fastlane.lanes" name="1: clean assembleRelease" time="63.452339723">
        
          <failure message="/opt/fastlane/gems/fastlane-2.187.0/fastlane/lib/fastlane/actions/actions_helper.rb:67:in `execute_action&apos;&#10;/opt/fastlane/gems/fastlane-2.187.0/fastlane/lib/fastlane/runner.rb:255:in `block in execute_action&apos;&#10;/opt/fastlane/gems/fastlane-2.187.0/fastlane/lib/fastlane/runner.rb:229:in `chdir&apos;&#10;/opt/fastlane/gems/fastlane-2.187.0/fastlane/lib/fastlane/runner.rb:229:in `execute_action&apos;&#10;/opt/fastlane/gems/fastlane-2.187.0/fastlane/lib/fastlane/runner.rb:157:in `trigger_action_by_name&apos;&#10;/opt/fastlane/gems/fastlane-2.187.0/fastlane/lib/fastlane/fast_file.rb:159:in `method_missing&apos;&#10;Fastfile:26:in `block (2 levels) in parsing_binding&apos;&#10;/opt/fastlane/gems/fastlane-2.187.0/fastlane/lib/fastlane/lane.rb:33:in `call&apos;&#10;/opt/fastlane/gems/fastlane-2.187.0/fastlane/lib/fastlane/runner.rb:49:in `block in execute&apos;&#10;/opt/fastlane/gems/fastlane-2.187.0/fastlane/lib/fastlane/runner.rb:45:in `chdir&apos;&#10;/opt/fastlane/gems/fastlane-2.187.0/fastlane/lib/fastlane/runner.rb:45:in `execute&apos;&#10;/opt/fastlane/gems/fastlane-2.187.0/fastlane/lib/fastlane/lane_manager.rb:47:in `cruise_lane&apos;&#10;/opt/fastlane/gems/fastlane-2.187.0/fastlane/lib/fastlane/command_line_handler.rb:36:in `handle&apos;&#10;/opt/fastlane/gems/fastlane-2.187.0/fastlane/lib/fastlane/commands_generator.rb:109:in `block (2 levels) in run&apos;&#10;/opt/fastlane/gems/commander-4.6.0/lib/commander/command.rb:187:in `call&apos;&#10;/opt/fastlane/gems/commander-4.6.0/lib/commander/command.rb:157:in `run&apos;&#10;/opt/fastlane/gems/commander-4.6.0/lib/commander/runner.rb:444:in `run_active_command&apos;&#10;/opt/fastlane/gems/fastlane-2.187.0/fastlane_core/lib/fastlane_core/ui/fastlane_runner.rb:76:in `run!&apos;&#10;/opt/fastlane/gems/commander-4.6.0/lib/commander/delegates.rb:18:in `run!&apos;&#10;/opt/fastlane/gems/fastlane-2.187.0/fastlane/lib/fastlane/commands_generator.rb:353:in `run&apos;&#10;/opt/fastlane/gems/fastlane-2.187.0/fastlane/lib/fastlane/commands_generator.rb:42:in `start&apos;&#10;/opt/fastlane/gems/fastlane-2.187.0/fastlane/lib/fastlane/cli_tools_distributor.rb:122:in `take_off&apos;&#10;/opt/fastlane/gems/fastlane-2.187.0/bin/fastlane:23:in `&lt;top (required)&gt;&apos;&#10;/opt/fastlane/bin/fastlane:23:in `load&apos;&#10;/opt/fastlane/bin/fastlane:23:in `&lt;main&gt;&apos;&#10;&#10;Exit status of command &apos;/home/yonggan/IdeaProjects/fluffy_board/android/gradlew clean assembleRelease -p .&apos; was 1 instead of 0.&#10;&#10;FAILURE: Build failed with an exception.&#10;&#10;* What went wrong:&#10;Gradle could not start your build.&#10;&gt; Could not create service of type ResourceSnapshotterCacheService using GradleUserHomeServices.createResourceSnapshotterCacheService().&#10;   &gt; Timeout waiting to lock file hash cache (/home/yonggan/.gradle/caches/6.7/fileHashes). It is currently in use by another Gradle instance.&#10;     Owner PID: 504232&#10;     Our PID: 647996&#10;     Owner Operation: &#10;     Our operation: &#10;     Lock file: /home/yonggan/.gradle/caches/6.7/fileHashes/fileHashes.lock&#10;&#10;* Try:&#10;Run with --stacktrace option to get the stack trace. Run with --info or --debug option to get more log output. Run with --scan to get full insights.&#10;&#10;* Get more help at https://help.gradle.org&#10;&#10;BUILD FAILED in 1m 2s&#10;" />
        
      </testcase>
    
  </testsuite>
</testsuites>
